<?xml version="1.0" encoding="UTF-8"?>
<testsuite xmlns:xsi="http://www.w3.org/2001/XMLSchema-instance" xsi:noNamespaceSchemaLocation="https://maven.apache.org/surefire/maven-surefire-plugin/xsd/surefire-test-report-3.0.xsd" version="3.0" name="com.random_stuff.api.RandomstuffApplicationTests" time="16.283" tests="1" errors="0" skipped="0" failures="0">
  <properties>
[...]
</properties>
  <testcase name="contextLoads" classname="com.random_stuff.api.RandomstuffApplicationTests" time="1.112">
    <system-out><![CDATA[20:05:22.018 [main] INFO org.springframework.test.context.support.AnnotationConfigContextLoaderUtils -- Could not detect default configuration classes for test class [com.random_stuff.api.RandomstuffApplicationTests]: RandomstuffApplicationTests does not declare any static, non-private, non-final, nested classes annotated with @Configuration.
20:05:22.255 [main] INFO org.springframework.boot.test.context.SpringBootTestContextBootstrapper -- Found @SpringBootConfiguration com.random_stuff.api.RandomStuffApplication for test class com.random_stuff.api.RandomstuffApplicationTests
20:05:22.575 [main] INFO org.springframework.boot.devtools.restart.RestartApplicationListener -- Restart disabled due to context in which it is running

  .   ____          _            __ _ _
 /\\ / ___'_ __ _ _(_)_ __  __ _ \ \ \ \
( ( )\___ | '_ | '_| | '_ \/ _` | \ \ \ \
 \\/  ___)| |_)| | | | | || (_| |  ) ) ) )
  '  |____| .__|_| |_|_| |_\__, | / / / /
 =========|_|==============|___/=/_/_/_/
 :: Spring Boot ::                (v3.2.0)

2025-12-18T20:05:23.113+01:00  INFO 199891 --- [randomstuff-api] [           main] c.r.api.RandomstuffApplicationTests      : Starting RandomstuffApplicationTests using Java 21.0.9 with PID 199891 (started by samnart in /home/samnart/hub/projects/random_stuff-backend)
2025-12-18T20:05:23.117+01:00  INFO 199891 --- [randomstuff-api] [           main] c.r.api.RandomstuffApplicationTests      : No active profile set, falling back to 1 default profile: "default"
2025-12-18T20:05:24.691+01:00  INFO 199891 --- [randomstuff-api] [           main] .s.d.r.c.RepositoryConfigurationDelegate : Bootstrapping Spring Data JPA repositories in DEFAULT mode.
2025-12-18T20:05:24.855+01:00  INFO 199891 --- [randomstuff-api] [           main] .s.d.r.c.RepositoryConfigurationDelegate : Finished Spring Data repository scanning in 148 ms. Found 6 JPA repository interfaces.
2025-12-18T20:05:25.924+01:00  INFO 199891 --- [randomstuff-api] [           main] o.hibernate.jpa.internal.util.LogHelper  : HHH000204: Processing PersistenceUnitInfo [name: default]
2025-12-18T20:05:26.031+01:00  INFO 199891 --- [randomstuff-api] [           main] org.hibernate.Version                    : HHH000412: Hibernate ORM core version 6.3.1.Final
2025-12-18T20:05:26.105+01:00  INFO 199891 --- [randomstuff-api] [           main] o.h.c.internal.RegionFactoryInitiator    : HHH000026: Second-level cache disabled
2025-12-18T20:05:26.565+01:00  INFO 199891 --- [randomstuff-api] [           main] o.s.o.j.p.SpringPersistenceUnitInfo      : No LoadTimeWeaver setup: ignoring JPA class transformer
2025-12-18T20:05:26.613+01:00  INFO 199891 --- [randomstuff-api] [           main] com.zaxxer.hikari.HikariDataSource       : HikariPool-1 - Starting...
2025-12-18T20:05:26.986+01:00  INFO 199891 --- [randomstuff-api] [           main] com.zaxxer.hikari.pool.HikariPool        : HikariPool-1 - Added connection conn0: url=jdbc:h2:mem:randomstuff user=SA
2025-12-18T20:05:26.989+01:00  INFO 199891 --- [randomstuff-api] [           main] com.zaxxer.hikari.HikariDataSource       : HikariPool-1 - Start completed.
2025-12-18T20:05:27.042+01:00  WARN 199891 --- [randomstuff-api] [           main] org.hibernate.orm.deprecation            : HHH90000025: H2Dialect does not need to be specified explicitly using 'hibernate.dialect' (remove the property setting and it will be selected by default)
2025-12-18T20:05:29.363+01:00  INFO 199891 --- [randomstuff-api] [           main] o.h.e.t.j.p.i.JtaPlatformInitiator       : HHH000489: No JTA platform available (set 'hibernate.transaction.jta.platform' to enable JTA platform integration)
2025-12-18T20:05:29.388+01:00 DEBUG 199891 --- [randomstuff-api] [           main] org.hibernate.SQL                        : 
    drop table if exists categories cascade 
Hibernate: 
    drop table if exists categories cascade 
2025-12-18T20:05:29.395+01:00 DEBUG 199891 --- [randomstuff-api] [           main] org.hibernate.SQL                        : 
    drop table if exists coupons cascade 
Hibernate: 
    drop table if exists coupons cascade 
2025-12-18T20:05:29.396+01:00 DEBUG 199891 --- [randomstuff-api] [           main] org.hibernate.SQL                        : 
    drop table if exists order_items cascade 
Hibernate: 
    drop table if exists order_items cascade 
2025-12-18T20:05:29.397+01:00 DEBUG 199891 --- [randomstuff-api] [           main] org.hibernate.SQL                        : 
    drop table if exists orders cascade 
Hibernate: 
    drop table if exists orders cascade 
2025-12-18T20:05:29.397+01:00 DEBUG 199891 --- [randomstuff-api] [           main] org.hibernate.SQL                        : 
    drop table if exists product_colors cascade 
Hibernate: 
    drop table if exists product_colors cascade 
2025-12-18T20:05:29.398+01:00 DEBUG 199891 --- [randomstuff-api] [           main] org.hibernate.SQL                        : 
    drop table if exists product_images cascade 
Hibernate: 
    drop table if exists product_images cascade 
2025-12-18T20:05:29.399+01:00 DEBUG 199891 --- [randomstuff-api] [           main] org.hibernate.SQL                        : 
    drop table if exists product_sizes cascade 
Hibernate: 
    drop table if exists product_sizes cascade 
2025-12-18T20:05:29.400+01:00 DEBUG 199891 --- [randomstuff-api] [           main] org.hibernate.SQL                        : 
    drop table if exists product_specifications cascade 
Hibernate: 
    drop table if exists product_specifications cascade 
2025-12-18T20:05:29.400+01:00 DEBUG 199891 --- [randomstuff-api] [           main] org.hibernate.SQL                        : 
    drop table if exists products cascade 
Hibernate: 
    drop table if exists products cascade 
2025-12-18T20:05:29.401+01:00 DEBUG 199891 --- [randomstuff-api] [           main] org.hibernate.SQL                        : 
    drop table if exists reviews cascade 
Hibernate: 
    drop table if exists reviews cascade 
2025-12-18T20:05:29.402+01:00 DEBUG 199891 --- [randomstuff-api] [           main] org.hibernate.SQL                        : 
    drop table if exists user_wishlist cascade 
Hibernate: 
    drop table if exists user_wishlist cascade 
2025-12-18T20:05:29.403+01:00 DEBUG 199891 --- [randomstuff-api] [           main] org.hibernate.SQL                        : 
    drop table if exists users cascade 
Hibernate: 
    drop table if exists users cascade 
2025-12-18T20:05:29.413+01:00 DEBUG 199891 --- [randomstuff-api] [           main] org.hibernate.SQL                        : 
    create table categories (
        active boolean not null,
        display_order integer not null,
        description varchar(255),
        icon varchar(255),
        id varchar(255) not null,
        name varchar(255) not null,
        slug varchar(255) not null unique,
        primary key (id)
    )
Hibernate: 
    create table categories (
        active boolean not null,
        display_order integer not null,
        description varchar(255),
        icon varchar(255),
        id varchar(255) not null,
        name varchar(255) not null,
        slug varchar(255) not null unique,
        primary key (id)
    )
2025-12-18T20:05:29.432+01:00 DEBUG 199891 --- [randomstuff-api] [           main] org.hibernate.SQL                        : 
    create table coupons (
        active boolean not null,
        discount numeric(10,2) not null,
        max_discount numeric(10,2),
        min_order numeric(10,2),
        usage_count integer not null,
        usage_limit integer not null,
        created_at timestamp(6),
        valid_from timestamp(6),
        valid_until timestamp(6),
        code varchar(255) not null unique,
        id varchar(255) not null,
        type varchar(255) not null check (type in ('PERCENT','FIXED')),
        primary key (id)
    )
Hibernate: 
    create table coupons (
        active boolean not null,
        discount numeric(10,2) not null,
        max_discount numeric(10,2),
        min_order numeric(10,2),
        usage_count integer not null,
        usage_limit integer not null,
        created_at timestamp(6),
        valid_from timestamp(6),
        valid_until timestamp(6),
        code varchar(255) not null unique,
        id varchar(255) not null,
        type varchar(255) not null check (type in ('PERCENT','FIXED')),
        primary key (id)
    )
2025-12-18T20:05:29.450+01:00 DEBUG 199891 --- [randomstuff-api] [           main] org.hibernate.SQL                        : 
    create table order_items (
        price numeric(10,2) not null,
        quantity integer not null,
        id bigint generated by default as identity,
        color varchar(255),
        order_id varchar(255) not null,
        product_id varchar(255) not null,
        product_image varchar(255),
        product_name varchar(255) not null,
        size varchar(255),
        primary key (id)
    )
Hibernate: 
    create table order_items (
        price numeric(10,2) not null,
        quantity integer not null,
        id bigint generated by default as identity,
        color varchar(255),
        order_id varchar(255) not null,
        product_id varchar(255) not null,
        product_image varchar(255),
        product_name varchar(255) not null,
        size varchar(255),
        primary key (id)
    )
2025-12-18T20:05:29.464+01:00 DEBUG 199891 --- [randomstuff-api] [           main] org.hibernate.SQL                        : 
    create table orders (
        discount numeric(10,2),
        paid boolean not null,
        shipping_cost numeric(10,2),
        subtotal numeric(10,2) not null,
        total numeric(10,2) not null,
        created_at timestamp(6),
        paid_at timestamp(6),
        updated_at timestamp(6),
        address varchar(255),
        city varchar(255),
        coupon_code varchar(255),
        email varchar(255),
        full_name varchar(255),
        id varchar(255) not null,
        notes varchar(255),
        payment_method varchar(255) check (payment_method in ('CARD','MOBILE_MONEY','CASH_ON_DELIVERY')),
        phone varchar(255),
        region varchar(255),
        shipping_notes varchar(255),
        status varchar(255) check (status in ('PROCESSING','CONFIRMED','SHIPPED','DELIVERED','CANCELLED','REFUNDED')),
        user_id varchar(255) not null,
        primary key (id)
    )
Hibernate: 
    create table orders (
        discount numeric(10,2),
        paid boolean not null,
        shipping_cost numeric(10,2),
        subtotal numeric(10,2) not null,
        total numeric(10,2) not null,
        created_at timestamp(6),
        paid_at timestamp(6),
        updated_at timestamp(6),
        address varchar(255),
        city varchar(255),
        coupon_code varchar(255),
        email varchar(255),
        full_name varchar(255),
        id varchar(255) not null,
        notes varchar(255),
        payment_method varchar(255) check (payment_method in ('CARD','MOBILE_MONEY','CASH_ON_DELIVERY')),
        phone varchar(255),
        region varchar(255),
        shipping_notes varchar(255),
        status varchar(255) check (status in ('PROCESSING','CONFIRMED','SHIPPED','DELIVERED','CANCELLED','REFUNDED')),
        user_id varchar(255) not null,
        primary key (id)
    )
2025-12-18T20:05:29.470+01:00 DEBUG 199891 --- [randomstuff-api] [           main] org.hibernate.SQL                        : 
    create table product_colors (
        color varchar(255),
        product_id varchar(255) not null
    )
Hibernate: 
    create table product_colors (
        color varchar(255),
        product_id varchar(255) not null
    )
2025-12-18T20:05:29.473+01:00 DEBUG 199891 --- [randomstuff-api] [           main] org.hibernate.SQL                        : 
    create table product_images (
        image_url varchar(255),
        product_id varchar(255) not null
    )
Hibernate: 
    create table product_images (
        image_url varchar(255),
        product_id varchar(255) not null
    )
2025-12-18T20:05:29.475+01:00 DEBUG 199891 --- [randomstuff-api] [           main] org.hibernate.SQL                        : 
    create table product_sizes (
        product_id varchar(255) not null,
        size varchar(255)
    )
Hibernate: 
    create table product_sizes (
        product_id varchar(255) not null,
        size varchar(255)
    )
2025-12-18T20:05:29.477+01:00 DEBUG 199891 --- [randomstuff-api] [           main] org.hibernate.SQL                        : 
    create table product_specifications (
        id bigint generated by default as identity,
        label varchar(255) not null,
        product_id varchar(255),
        spec_value varchar(255) not null,
        primary key (id)
    )
Hibernate: 
    create table product_specifications (
        id bigint generated by default as identity,
        label varchar(255) not null,
        product_id varchar(255),
        spec_value varchar(255) not null,
        primary key (id)
    )
2025-12-18T20:05:29.481+01:00 DEBUG 199891 --- [randomstuff-api] [           main] org.hibernate.SQL                        : 
    create table products (
        active boolean not null,
        featured boolean not null,
        original_price numeric(10,2),
        price numeric(10,2) not null,
        rating float(53) not null,
        review_count integer not null,
        stock integer not null,
        created_at timestamp(6),
        updated_at timestamp(6),
        badge varchar(255),
        category_id varchar(255),
        description TEXT,
        id varchar(255) not null,
        image varchar(255),
        name varchar(255) not null,
        primary key (id)
    )
Hibernate: 
    create table products (
        active boolean not null,
        featured boolean not null,
        original_price numeric(10,2),
        price numeric(10,2) not null,
        rating float(53) not null,
        review_count integer not null,
        stock integer not null,
        created_at timestamp(6),
        updated_at timestamp(6),
        badge varchar(255),
        category_id varchar(255),
        description TEXT,
        id varchar(255) not null,
        image varchar(255),
        name varchar(255) not null,
        primary key (id)
    )
2025-12-18T20:05:29.487+01:00 DEBUG 199891 --- [randomstuff-api] [           main] org.hibernate.SQL                        : 
    create table reviews (
        helpful integer not null,
        rating integer not null,
        verified boolean not null,
        created_at timestamp(6),
        updated_at timestamp(6),
        comment TEXT,
        id varchar(255) not null,
        product_id varchar(255) not null,
        reviewer_name varchar(255),
        title varchar(255),
        user_id varchar(255),
        primary key (id)
    )
Hibernate: 
    create table reviews (
        helpful integer not null,
        rating integer not null,
        verified boolean not null,
        created_at timestamp(6),
        updated_at timestamp(6),
        comment TEXT,
        id varchar(255) not null,
        product_id varchar(255) not null,
        reviewer_name varchar(255),
        title varchar(255),
        user_id varchar(255),
        primary key (id)
    )
2025-12-18T20:05:29.492+01:00 DEBUG 199891 --- [randomstuff-api] [           main] org.hibernate.SQL                        : 
    create table user_wishlist (
        product_id varchar(255) not null,
        user_id varchar(255) not null
    )
Hibernate: 
    create table user_wishlist (
        product_id varchar(255) not null,
        user_id varchar(255) not null
    )
2025-12-18T20:05:29.495+01:00 DEBUG 199891 --- [randomstuff-api] [           main] org.hibernate.SQL                        : 
    create table users (
        email_verified boolean not null,
        created_at timestamp(6),
        updated_at timestamp(6),
        avatar varchar(255),
        email varchar(255) not null unique,
        id varchar(255) not null,
        name varchar(255) not null,
        password varchar(255) not null,
        phone varchar(255),
        role varchar(255) check (role in ('USER','ADMIN')),
        primary key (id)
    )
Hibernate: 
    create table users (
        email_verified boolean not null,
        created_at timestamp(6),
        updated_at timestamp(6),
        avatar varchar(255),
        email varchar(255) not null unique,
        id varchar(255) not null,
        name varchar(255) not null,
        password varchar(255) not null,
        phone varchar(255),
        role varchar(255) check (role in ('USER','ADMIN')),
        primary key (id)
    )
2025-12-18T20:05:29.501+01:00 DEBUG 199891 --- [randomstuff-api] [           main] org.hibernate.SQL                        : 
    alter table if exists order_items 
       add constraint FKbioxgbv59vetrxe0ejfubep1w 
       foreign key (order_id) 
       references orders
Hibernate: 
    alter table if exists order_items 
       add constraint FKbioxgbv59vetrxe0ejfubep1w 
       foreign key (order_id) 
       references orders
2025-12-18T20:05:29.525+01:00 DEBUG 199891 --- [randomstuff-api] [           main] org.hibernate.SQL                        : 
    alter table if exists order_items 
       add constraint FKocimc7dtr037rh4ls4l95nlfi 
       foreign key (product_id) 
       references products
Hibernate: 
    alter table if exists order_items 
       add constraint FKocimc7dtr037rh4ls4l95nlfi 
       foreign key (product_id) 
       references products
2025-12-18T20:05:29.529+01:00 DEBUG 199891 --- [randomstuff-api] [           main] org.hibernate.SQL                        : 
    alter table if exists orders 
       add constraint FK32ql8ubntj5uh44ph9659tiih 
       foreign key (user_id) 
       references users
Hibernate: 
    alter table if exists orders 
       add constraint FK32ql8ubntj5uh44ph9659tiih 
       foreign key (user_id) 
       references users
2025-12-18T20:05:29.534+01:00 DEBUG 199891 --- [randomstuff-api] [           main] org.hibernate.SQL                        : 
    alter table if exists product_colors 
       add constraint FKqhu7cqni31911lmvx4fqmiw65 
       foreign key (product_id) 
       references products
Hibernate: 
    alter table if exists product_colors 
       add constraint FKqhu7cqni31911lmvx4fqmiw65 
       foreign key (product_id) 
       references products
2025-12-18T20:05:29.538+01:00 DEBUG 199891 --- [randomstuff-api] [           main] org.hibernate.SQL                        : 
    alter table if exists product_images 
       add constraint FKqnq71xsohugpqwf3c9gxmsuy 
       foreign key (product_id) 
       references products
Hibernate: 
    alter table if exists product_images 
       add constraint FKqnq71xsohugpqwf3c9gxmsuy 
       foreign key (product_id) 
       references products
2025-12-18T20:05:29.543+01:00 DEBUG 199891 --- [randomstuff-api] [           main] org.hibernate.SQL                        : 
    alter table if exists product_sizes 
       add constraint FK4isa0j51hpdn7cx04m831jic4 
       foreign key (product_id) 
       references products
Hibernate: 
    alter table if exists product_sizes 
       add constraint FK4isa0j51hpdn7cx04m831jic4 
       foreign key (product_id) 
       references products
2025-12-18T20:05:29.548+01:00 DEBUG 199891 --- [randomstuff-api] [           main] org.hibernate.SQL                        : 
    alter table if exists product_specifications 
       add constraint FKbets5sov4bn9d2wy8vqathw6d 
       foreign key (product_id) 
       references products
Hibernate: 
    alter table if exists product_specifications 
       add constraint FKbets5sov4bn9d2wy8vqathw6d 
       foreign key (product_id) 
       references products
2025-12-18T20:05:29.553+01:00 DEBUG 199891 --- [randomstuff-api] [           main] org.hibernate.SQL                        : 
    alter table if exists products 
       add constraint FKog2rp4qthbtt2lfyhfo32lsw9 
       foreign key (category_id) 
       references categories
Hibernate: 
    alter table if exists products 
       add constraint FKog2rp4qthbtt2lfyhfo32lsw9 
       foreign key (category_id) 
       references categories
2025-12-18T20:05:29.559+01:00 DEBUG 199891 --- [randomstuff-api] [           main] org.hibernate.SQL                        : 
    alter table if exists reviews 
       add constraint FKpl51cejpw4gy5swfar8br9ngi 
       foreign key (product_id) 
       references products
Hibernate: 
    alter table if exists reviews 
       add constraint FKpl51cejpw4gy5swfar8br9ngi 
       foreign key (product_id) 
       references products
2025-12-18T20:05:29.564+01:00 DEBUG 199891 --- [randomstuff-api] [           main] org.hibernate.SQL                        : 
    alter table if exists reviews 
       add constraint FKcgy7qjc1r99dp117y9en6lxye 
       foreign key (user_id) 
       references users
Hibernate: 
    alter table if exists reviews 
       add constraint FKcgy7qjc1r99dp117y9en6lxye 
       foreign key (user_id) 
       references users
2025-12-18T20:05:29.568+01:00 DEBUG 199891 --- [randomstuff-api] [           main] org.hibernate.SQL                        : 
    alter table if exists user_wishlist 
       add constraint FKme2h6wt7w92ypitpwsol95j73 
       foreign key (product_id) 
       references products
Hibernate: 
    alter table if exists user_wishlist 
       add constraint FKme2h6wt7w92ypitpwsol95j73 
       foreign key (product_id) 
       references products
2025-12-18T20:05:29.572+01:00 DEBUG 199891 --- [randomstuff-api] [           main] org.hibernate.SQL                        : 
    alter table if exists user_wishlist 
       add constraint FKxfiwf0ov64o4j979puogxloy 
       foreign key (user_id) 
       references users
Hibernate: 
    alter table if exists user_wishlist 
       add constraint FKxfiwf0ov64o4j979puogxloy 
       foreign key (user_id) 
       references users
2025-12-18T20:05:29.584+01:00  INFO 199891 --- [randomstuff-api] [           main] j.LocalContainerEntityManagerFactoryBean : Initialized JPA EntityManagerFactory for persistence unit 'default'
2025-12-18T20:05:30.603+01:00  INFO 199891 --- [randomstuff-api] [           main] o.s.d.j.r.query.QueryEnhancerFactory     : Hibernate is in classpath; If applicable, HQL parser will be used.
2025-12-18T20:05:33.954+01:00  WARN 199891 --- [randomstuff-api] [           main] JpaBaseConfiguration$JpaWebConfiguration : spring.jpa.open-in-view is enabled by default. Therefore, database queries may be performed during view rendering. Explicitly configure spring.jpa.open-in-view to disable this warning
2025-12-18T20:05:34.703+01:00  INFO 199891 --- [randomstuff-api] [           main] o.s.s.web.DefaultSecurityFilterChain     : Will secure any request with [org.springframework.security.web.session.DisableEncodeUrlFilter@4aa007c6, org.springframework.security.web.context.request.async.WebAsyncManagerIntegrationFilter@619783ce, org.springframework.security.web.context.SecurityContextHolderFilter@37630101, org.springframework.security.web.header.HeaderWriterFilter@5e3d3bfd, org.springframework.security.web.authentication.logout.LogoutFilter@1345d18f, com.random_stuff.api.security.JwtAuthenticationFilter@7e389cd6, org.springframework.security.web.savedrequest.RequestCacheAwareFilter@57f778e9, org.springframework.security.web.servletapi.SecurityContextHolderAwareRequestFilter@35067738, org.springframework.security.web.authentication.AnonymousAuthenticationFilter@3f3b50df, org.springframework.security.web.session.SessionManagementFilter@56d8f131, org.springframework.security.web.access.ExceptionTranslationFilter@7ca3fa41, org.springframework.security.web.access.intercept.AuthorizationFilter@385269dd]
2025-12-18T20:05:35.322+01:00  INFO 199891 --- [randomstuff-api] [           main] o.s.b.a.h2.H2ConsoleAutoConfiguration    : H2 console available at '/h2-console'. Database available at 'jdbc:h2:mem:randomstuff'
2025-12-18T20:05:35.496+01:00  INFO 199891 --- [randomstuff-api] [           main] c.r.api.RandomstuffApplicationTests      : Started RandomstuffApplicationTests in 12.945 seconds (process running for 14.881)
2025-12-18T20:05:35.648+01:00 DEBUG 199891 --- [randomstuff-api] [           main] org.hibernate.SQL                        : 
    select
        count(*) 
    from
        categories c1_0
Hibernate: 
    select
        count(*) 
    from
        categories c1_0
2025-12-18T20:05:35.696+01:00  INFO 199891 --- [randomstuff-api] [           main] com.random_stuff.api.config.DataSeeder   : Seeding database...
2025-12-18T20:05:35.731+01:00  INFO 199891 --- [randomstuff-api] [           main] com.random_stuff.api.config.DataSeeder   : Seeded 6 categories
2025-12-18T20:05:35.854+01:00 DEBUG 199891 --- [randomstuff-api] [           main] org.hibernate.SQL                        : 
    insert 
    into
        categories
        (active, description, display_order, icon, name, slug, id) 
    values
        (?, ?, ?, ?, ?, ?, ?)
Hibernate: 
    insert 
    into
        categories
        (active, description, display_order, icon, name, slug, id) 
    values
        (?, ?, ?, ?, ?, ?, ?)
2025-12-18T20:05:35.861+01:00 DEBUG 199891 --- [randomstuff-api] [           main] org.hibernate.SQL                        : 
    insert 
    into
        categories
        (active, description, display_order, icon, name, slug, id) 
    values
        (?, ?, ?, ?, ?, ?, ?)
Hibernate: 
    insert 
    into
        categories
        (active, description, display_order, icon, name, slug, id) 
    values
        (?, ?, ?, ?, ?, ?, ?)
2025-12-18T20:05:35.862+01:00 DEBUG 199891 --- [randomstuff-api] [           main] org.hibernate.SQL                        : 
    insert 
    into
        categories
        (active, description, display_order, icon, name, slug, id) 
    values
        (?, ?, ?, ?, ?, ?, ?)
Hibernate: 
    insert 
    into
        categories
        (active, description, display_order, icon, name, slug, id) 
    values
        (?, ?, ?, ?, ?, ?, ?)
2025-12-18T20:05:35.863+01:00 DEBUG 199891 --- [randomstuff-api] [           main] org.hibernate.SQL                        : 
    insert 
    into
        categories
        (active, description, display_order, icon, name, slug, id) 
    values
        (?, ?, ?, ?, ?, ?, ?)
Hibernate: 
    insert 
    into
        categories
        (active, description, display_order, icon, name, slug, id) 
    values
        (?, ?, ?, ?, ?, ?, ?)
2025-12-18T20:05:35.864+01:00 DEBUG 199891 --- [randomstuff-api] [           main] org.hibernate.SQL                        : 
    insert 
    into
        categories
        (active, description, display_order, icon, name, slug, id) 
    values
        (?, ?, ?, ?, ?, ?, ?)
Hibernate: 
    insert 
    into
        categories
        (active, description, display_order, icon, name, slug, id) 
    values
        (?, ?, ?, ?, ?, ?, ?)
2025-12-18T20:05:35.865+01:00 DEBUG 199891 --- [randomstuff-api] [           main] org.hibernate.SQL                        : 
    insert 
    into
        categories
        (active, description, display_order, icon, name, slug, id) 
    values
        (?, ?, ?, ?, ?, ?, ?)
Hibernate: 
    insert 
    into
        categories
        (active, description, display_order, icon, name, slug, id) 
    values
        (?, ?, ?, ?, ?, ?, ?)
2025-12-18T20:05:35.874+01:00 DEBUG 199891 --- [randomstuff-api] [           main] org.hibernate.SQL                        : 
    select
        c1_0.id,
        c1_0.active,
        c1_0.description,
        c1_0.display_order,
        c1_0.icon,
        c1_0.name,
        c1_0.slug 
    from
        categories c1_0 
    where
        c1_0.slug=?
Hibernate: 
    select
        c1_0.id,
        c1_0.active,
        c1_0.description,
        c1_0.display_order,
        c1_0.icon,
        c1_0.name,
        c1_0.slug 
    from
        categories c1_0 
    where
        c1_0.slug=?
2025-12-18T20:05:35.881+01:00 DEBUG 199891 --- [randomstuff-api] [           main] org.hibernate.SQL                        : 
    select
        c1_0.id,
        c1_0.active,
        c1_0.description,
        c1_0.display_order,
        c1_0.icon,
        c1_0.name,
        c1_0.slug 
    from
        categories c1_0 
    where
        c1_0.slug=?
Hibernate: 
    select
        c1_0.id,
        c1_0.active,
        c1_0.description,
        c1_0.display_order,
        c1_0.icon,
        c1_0.name,
        c1_0.slug 
    from
        categories c1_0 
    where
        c1_0.slug=?
2025-12-18T20:05:35.885+01:00 DEBUG 199891 --- [randomstuff-api] [           main] org.hibernate.SQL                        : 
    select
        c1_0.id,
        c1_0.active,
        c1_0.description,
        c1_0.display_order,
        c1_0.icon,
        c1_0.name,
        c1_0.slug 
    from
        categories c1_0 
    where
        c1_0.slug=?
Hibernate: 
    select
        c1_0.id,
        c1_0.active,
        c1_0.description,
        c1_0.display_order,
        c1_0.icon,
        c1_0.name,
        c1_0.slug 
    from
        categories c1_0 
    where
        c1_0.slug=?
2025-12-18T20:05:35.890+01:00 DEBUG 199891 --- [randomstuff-api] [           main] org.hibernate.SQL                        : 
    select
        c1_0.id,
        c1_0.active,
        c1_0.description,
        c1_0.display_order,
        c1_0.icon,
        c1_0.name,
        c1_0.slug 
    from
        categories c1_0 
    where
        c1_0.slug=?
Hibernate: 
    select
        c1_0.id,
        c1_0.active,
        c1_0.description,
        c1_0.display_order,
        c1_0.icon,
        c1_0.name,
        c1_0.slug 
    from
        categories c1_0 
    where
        c1_0.slug=?
2025-12-18T20:05:35.932+01:00 DEBUG 199891 --- [randomstuff-api] [           main] org.hibernate.SQL                        : 
    insert 
    into
        products
        (active, badge, category_id, created_at, description, featured, image, name, original_price, price, rating, review_count, stock, updated_at, id) 
    values
        (?, ?, ?, ?, ?, ?, ?, ?, ?, ?, ?, ?, ?, ?, ?)
Hibernate: 
    insert 
    into
        products
        (active, badge, category_id, created_at, description, featured, image, name, original_price, price, rating, review_count, stock, updated_at, id) 
    values
        (?, ?, ?, ?, ?, ?, ?, ?, ?, ?, ?, ?, ?, ?, ?)
2025-12-18T20:05:35.945+01:00 DEBUG 199891 --- [randomstuff-api] [           main] org.hibernate.SQL                        : 
    insert 
    into
        product_specifications
        (label, product_id, spec_value, id) 
    values
        (?, ?, ?, default)
Hibernate: 
    insert 
    into
        product_specifications
        (label, product_id, spec_value, id) 
    values
        (?, ?, ?, default)
2025-12-18T20:05:35.954+01:00 DEBUG 199891 --- [randomstuff-api] [           main] org.hibernate.SQL                        : 
    insert 
    into
        product_specifications
        (label, product_id, spec_value, id) 
    values
        (?, ?, ?, default)
Hibernate: 
    insert 
    into
        product_specifications
        (label, product_id, spec_value, id) 
    values
        (?, ?, ?, default)
2025-12-18T20:05:35.956+01:00 DEBUG 199891 --- [randomstuff-api] [           main] org.hibernate.SQL                        : 
    insert 
    into
        product_specifications
        (label, product_id, spec_value, id) 
    values
        (?, ?, ?, default)
Hibernate: 
    insert 
    into
        product_specifications
        (label, product_id, spec_value, id) 
    values
        (?, ?, ?, default)
2025-12-18T20:05:35.958+01:00 DEBUG 199891 --- [randomstuff-api] [           main] org.hibernate.SQL                        : 
    insert 
    into
        product_specifications
        (label, product_id, spec_value, id) 
    values
        (?, ?, ?, default)
Hibernate: 
    insert 
    into
        product_specifications
        (label, product_id, spec_value, id) 
    values
        (?, ?, ?, default)
2025-12-18T20:05:35.961+01:00 DEBUG 199891 --- [randomstuff-api] [           main] org.hibernate.SQL                        : 
    insert 
    into
        product_specifications
        (label, product_id, spec_value, id) 
    values
        (?, ?, ?, default)
Hibernate: 
    insert 
    into
        product_specifications
        (label, product_id, spec_value, id) 
    values
        (?, ?, ?, default)
2025-12-18T20:05:35.964+01:00 DEBUG 199891 --- [randomstuff-api] [           main] org.hibernate.SQL                        : 
    insert 
    into
        products
        (active, badge, category_id, created_at, description, featured, image, name, original_price, price, rating, review_count, stock, updated_at, id) 
    values
        (?, ?, ?, ?, ?, ?, ?, ?, ?, ?, ?, ?, ?, ?, ?)
Hibernate: 
    insert 
    into
        products
        (active, badge, category_id, created_at, description, featured, image, name, original_price, price, rating, review_count, stock, updated_at, id) 
    values
        (?, ?, ?, ?, ?, ?, ?, ?, ?, ?, ?, ?, ?, ?, ?)
2025-12-18T20:05:35.967+01:00 DEBUG 199891 --- [randomstuff-api] [           main] org.hibernate.SQL                        : 
    insert 
    into
        product_specifications
        (label, product_id, spec_value, id) 
    values
        (?, ?, ?, default)
Hibernate: 
    insert 
    into
        product_specifications
        (label, product_id, spec_value, id) 
    values
        (?, ?, ?, default)
2025-12-18T20:05:35.969+01:00 DEBUG 199891 --- [randomstuff-api] [           main] org.hibernate.SQL                        : 
    insert 
    into
        product_specifications
        (label, product_id, spec_value, id) 
    values
        (?, ?, ?, default)
Hibernate: 
    insert 
    into
        product_specifications
        (label, product_id, spec_value, id) 
    values
        (?, ?, ?, default)
2025-12-18T20:05:35.971+01:00 DEBUG 199891 --- [randomstuff-api] [           main] org.hibernate.SQL                        : 
    insert 
    into
        product_specifications
        (label, product_id, spec_value, id) 
    values
        (?, ?, ?, default)
Hibernate: 
    insert 
    into
        product_specifications
        (label, product_id, spec_value, id) 
    values
        (?, ?, ?, default)
2025-12-18T20:05:35.973+01:00 DEBUG 199891 --- [randomstuff-api] [           main] org.hibernate.SQL                        : 
    insert 
    into
        product_specifications
        (label, product_id, spec_value, id) 
    values
        (?, ?, ?, default)
Hibernate: 
    insert 
    into
        product_specifications
        (label, product_id, spec_value, id) 
    values
        (?, ?, ?, default)
2025-12-18T20:05:35.975+01:00 DEBUG 199891 --- [randomstuff-api] [           main] org.hibernate.SQL                        : 
    insert 
    into
        product_specifications
        (label, product_id, spec_value, id) 
    values
        (?, ?, ?, default)
Hibernate: 
    insert 
    into
        product_specifications
        (label, product_id, spec_value, id) 
    values
        (?, ?, ?, default)
2025-12-18T20:05:35.979+01:00 DEBUG 199891 --- [randomstuff-api] [           main] org.hibernate.SQL                        : 
    insert 
    into
        products
        (active, badge, category_id, created_at, description, featured, image, name, original_price, price, rating, review_count, stock, updated_at, id) 
    values
        (?, ?, ?, ?, ?, ?, ?, ?, ?, ?, ?, ?, ?, ?, ?)
Hibernate: 
    insert 
    into
        products
        (active, badge, category_id, created_at, description, featured, image, name, original_price, price, rating, review_count, stock, updated_at, id) 
    values
        (?, ?, ?, ?, ?, ?, ?, ?, ?, ?, ?, ?, ?, ?, ?)
2025-12-18T20:05:35.982+01:00 DEBUG 199891 --- [randomstuff-api] [           main] org.hibernate.SQL                        : 
    insert 
    into
        product_specifications
        (label, product_id, spec_value, id) 
    values
        (?, ?, ?, default)
Hibernate: 
    insert 
    into
        product_specifications
        (label, product_id, spec_value, id) 
    values
        (?, ?, ?, default)
2025-12-18T20:05:35.984+01:00 DEBUG 199891 --- [randomstuff-api] [           main] org.hibernate.SQL                        : 
    insert 
    into
        product_specifications
        (label, product_id, spec_value, id) 
    values
        (?, ?, ?, default)
Hibernate: 
    insert 
    into
        product_specifications
        (label, product_id, spec_value, id) 
    values
        (?, ?, ?, default)
2025-12-18T20:05:35.987+01:00 DEBUG 199891 --- [randomstuff-api] [           main] org.hibernate.SQL                        : 
    insert 
    into
        product_specifications
        (label, product_id, spec_value, id) 
    values
        (?, ?, ?, default)
Hibernate: 
    insert 
    into
        product_specifications
        (label, product_id, spec_value, id) 
    values
        (?, ?, ?, default)
2025-12-18T20:05:35.991+01:00 DEBUG 199891 --- [randomstuff-api] [           main] org.hibernate.SQL                        : 
    insert 
    into
        product_specifications
        (label, product_id, spec_value, id) 
    values
        (?, ?, ?, default)
Hibernate: 
    insert 
    into
        product_specifications
        (label, product_id, spec_value, id) 
    values
        (?, ?, ?, default)
2025-12-18T20:05:35.995+01:00 DEBUG 199891 --- [randomstuff-api] [           main] org.hibernate.SQL                        : 
    insert 
    into
        product_specifications
        (label, product_id, spec_value, id) 
    values
        (?, ?, ?, default)
Hibernate: 
    insert 
    into
        product_specifications
        (label, product_id, spec_value, id) 
    values
        (?, ?, ?, default)
2025-12-18T20:05:35.999+01:00 DEBUG 199891 --- [randomstuff-api] [           main] org.hibernate.SQL                        : 
    insert 
    into
        products
        (active, badge, category_id, created_at, description, featured, image, name, original_price, price, rating, review_count, stock, updated_at, id) 
    values
        (?, ?, ?, ?, ?, ?, ?, ?, ?, ?, ?, ?, ?, ?, ?)
Hibernate: 
    insert 
    into
        products
        (active, badge, category_id, created_at, description, featured, image, name, original_price, price, rating, review_count, stock, updated_at, id) 
    values
        (?, ?, ?, ?, ?, ?, ?, ?, ?, ?, ?, ?, ?, ?, ?)
2025-12-18T20:05:36.001+01:00 DEBUG 199891 --- [randomstuff-api] [           main] org.hibernate.SQL                        : 
    insert 
    into
        product_specifications
        (label, product_id, spec_value, id) 
    values
        (?, ?, ?, default)
Hibernate: 
    insert 
    into
        product_specifications
        (label, product_id, spec_value, id) 
    values
        (?, ?, ?, default)
2025-12-18T20:05:36.004+01:00 DEBUG 199891 --- [randomstuff-api] [           main] org.hibernate.SQL                        : 
    insert 
    into
        product_specifications
        (label, product_id, spec_value, id) 
    values
        (?, ?, ?, default)
Hibernate: 
    insert 
    into
        product_specifications
        (label, product_id, spec_value, id) 
    values
        (?, ?, ?, default)
2025-12-18T20:05:36.006+01:00 DEBUG 199891 --- [randomstuff-api] [           main] org.hibernate.SQL                        : 
    insert 
    into
        product_specifications
        (label, product_id, spec_value, id) 
    values
        (?, ?, ?, default)
Hibernate: 
    insert 
    into
        product_specifications
        (label, product_id, spec_value, id) 
    values
        (?, ?, ?, default)
2025-12-18T20:05:36.008+01:00 DEBUG 199891 --- [randomstuff-api] [           main] org.hibernate.SQL                        : 
    insert 
    into
        product_specifications
        (label, product_id, spec_value, id) 
    values
        (?, ?, ?, default)
Hibernate: 
    insert 
    into
        product_specifications
        (label, product_id, spec_value, id) 
    values
        (?, ?, ?, default)
2025-12-18T20:05:36.010+01:00 DEBUG 199891 --- [randomstuff-api] [           main] org.hibernate.SQL                        : 
    insert 
    into
        product_specifications
        (label, product_id, spec_value, id) 
    values
        (?, ?, ?, default)
Hibernate: 
    insert 
    into
        product_specifications
        (label, product_id, spec_value, id) 
    values
        (?, ?, ?, default)
2025-12-18T20:05:36.013+01:00 DEBUG 199891 --- [randomstuff-api] [           main] org.hibernate.SQL                        : 
    insert 
    into
        products
        (active, badge, category_id, created_at, description, featured, image, name, original_price, price, rating, review_count, stock, updated_at, id) 
    values
        (?, ?, ?, ?, ?, ?, ?, ?, ?, ?, ?, ?, ?, ?, ?)
Hibernate: 
    insert 
    into
        products
        (active, badge, category_id, created_at, description, featured, image, name, original_price, price, rating, review_count, stock, updated_at, id) 
    values
        (?, ?, ?, ?, ?, ?, ?, ?, ?, ?, ?, ?, ?, ?, ?)
2025-12-18T20:05:36.016+01:00 DEBUG 199891 --- [randomstuff-api] [           main] org.hibernate.SQL                        : 
    insert 
    into
        product_specifications
        (label, product_id, spec_value, id) 
    values
        (?, ?, ?, default)
Hibernate: 
    insert 
    into
        product_specifications
        (label, product_id, spec_value, id) 
    values
        (?, ?, ?, default)
2025-12-18T20:05:36.018+01:00 DEBUG 199891 --- [randomstuff-api] [           main] org.hibernate.SQL                        : 
    insert 
    into
        product_specifications
        (label, product_id, spec_value, id) 
    values
        (?, ?, ?, default)
Hibernate: 
    insert 
    into
        product_specifications
        (label, product_id, spec_value, id) 
    values
        (?, ?, ?, default)
2025-12-18T20:05:36.020+01:00 DEBUG 199891 --- [randomstuff-api] [           main] org.hibernate.SQL                        : 
    insert 
    into
        product_specifications
        (label, product_id, spec_value, id) 
    values
        (?, ?, ?, default)
Hibernate: 
    insert 
    into
        product_specifications
        (label, product_id, spec_value, id) 
    values
        (?, ?, ?, default)
2025-12-18T20:05:36.022+01:00 DEBUG 199891 --- [randomstuff-api] [           main] org.hibernate.SQL                        : 
    insert 
    into
        product_specifications
        (label, product_id, spec_value, id) 
    values
        (?, ?, ?, default)
Hibernate: 
    insert 
    into
        product_specifications
        (label, product_id, spec_value, id) 
    values
        (?, ?, ?, default)
2025-12-18T20:05:36.024+01:00 DEBUG 199891 --- [randomstuff-api] [           main] org.hibernate.SQL                        : 
    insert 
    into
        product_specifications
        (label, product_id, spec_value, id) 
    values
        (?, ?, ?, default)
Hibernate: 
    insert 
    into
        product_specifications
        (label, product_id, spec_value, id) 
    values
        (?, ?, ?, default)
2025-12-18T20:05:36.028+01:00 DEBUG 199891 --- [randomstuff-api] [           main] org.hibernate.SQL                        : 
    insert 
    into
        products
        (active, badge, category_id, created_at, description, featured, image, name, original_price, price, rating, review_count, stock, updated_at, id) 
    values
        (?, ?, ?, ?, ?, ?, ?, ?, ?, ?, ?, ?, ?, ?, ?)
Hibernate: 
    insert 
    into
        products
        (active, badge, category_id, created_at, description, featured, image, name, original_price, price, rating, review_count, stock, updated_at, id) 
    values
        (?, ?, ?, ?, ?, ?, ?, ?, ?, ?, ?, ?, ?, ?, ?)
2025-12-18T20:05:36.030+01:00 DEBUG 199891 --- [randomstuff-api] [           main] org.hibernate.SQL                        : 
    insert 
    into
        product_specifications
        (label, product_id, spec_value, id) 
    values
        (?, ?, ?, default)
Hibernate: 
    insert 
    into
        product_specifications
        (label, product_id, spec_value, id) 
    values
        (?, ?, ?, default)
2025-12-18T20:05:36.032+01:00 DEBUG 199891 --- [randomstuff-api] [           main] org.hibernate.SQL                        : 
    insert 
    into
        product_specifications
        (label, product_id, spec_value, id) 
    values
        (?, ?, ?, default)
Hibernate: 
    insert 
    into
        product_specifications
        (label, product_id, spec_value, id) 
    values
        (?, ?, ?, default)
2025-12-18T20:05:36.034+01:00 DEBUG 199891 --- [randomstuff-api] [           main] org.hibernate.SQL                        : 
    insert 
    into
        product_specifications
        (label, product_id, spec_value, id) 
    values
        (?, ?, ?, default)
Hibernate: 
    insert 
    into
        product_specifications
        (label, product_id, spec_value, id) 
    values
        (?, ?, ?, default)
2025-12-18T20:05:36.037+01:00 DEBUG 199891 --- [randomstuff-api] [           main] org.hibernate.SQL                        : 
    insert 
    into
        product_specifications
        (label, product_id, spec_value, id) 
    values
        (?, ?, ?, default)
Hibernate: 
    insert 
    into
        product_specifications
        (label, product_id, spec_value, id) 
    values
        (?, ?, ?, default)
2025-12-18T20:05:36.039+01:00 DEBUG 199891 --- [randomstuff-api] [           main] org.hibernate.SQL                        : 
    insert 
    into
        product_specifications
        (label, product_id, spec_value, id) 
    values
        (?, ?, ?, default)
Hibernate: 
    insert 
    into
        product_specifications
        (label, product_id, spec_value, id) 
    values
        (?, ?, ?, default)
2025-12-18T20:05:36.042+01:00 DEBUG 199891 --- [randomstuff-api] [           main] org.hibernate.SQL                        : 
    insert 
    into
        products
        (active, badge, category_id, created_at, description, featured, image, name, original_price, price, rating, review_count, stock, updated_at, id) 
    values
        (?, ?, ?, ?, ?, ?, ?, ?, ?, ?, ?, ?, ?, ?, ?)
Hibernate: 
    insert 
    into
        products
        (active, badge, category_id, created_at, description, featured, image, name, original_price, price, rating, review_count, stock, updated_at, id) 
    values
        (?, ?, ?, ?, ?, ?, ?, ?, ?, ?, ?, ?, ?, ?, ?)
2025-12-18T20:05:36.044+01:00 DEBUG 199891 --- [randomstuff-api] [           main] org.hibernate.SQL                        : 
    insert 
    into
        product_specifications
        (label, product_id, spec_value, id) 
    values
        (?, ?, ?, default)
Hibernate: 
    insert 
    into
        product_specifications
        (label, product_id, spec_value, id) 
    values
        (?, ?, ?, default)
2025-12-18T20:05:36.046+01:00 DEBUG 199891 --- [randomstuff-api] [           main] org.hibernate.SQL                        : 
    insert 
    into
        product_specifications
        (label, product_id, spec_value, id) 
    values
        (?, ?, ?, default)
Hibernate: 
    insert 
    into
        product_specifications
        (label, product_id, spec_value, id) 
    values
        (?, ?, ?, default)
2025-12-18T20:05:36.048+01:00 DEBUG 199891 --- [randomstuff-api] [           main] org.hibernate.SQL                        : 
    insert 
    into
        product_specifications
        (label, product_id, spec_value, id) 
    values
        (?, ?, ?, default)
Hibernate: 
    insert 
    into
        product_specifications
        (label, product_id, spec_value, id) 
    values
        (?, ?, ?, default)
2025-12-18T20:05:36.051+01:00 DEBUG 199891 --- [randomstuff-api] [           main] org.hibernate.SQL                        : 
    insert 
    into
        product_specifications
        (label, product_id, spec_value, id) 
    values
        (?, ?, ?, default)
Hibernate: 
    insert 
    into
        product_specifications
        (label, product_id, spec_value, id) 
    values
        (?, ?, ?, default)
2025-12-18T20:05:36.053+01:00 DEBUG 199891 --- [randomstuff-api] [           main] org.hibernate.SQL                        : 
    insert 
    into
        product_specifications
        (label, product_id, spec_value, id) 
    values
        (?, ?, ?, default)
Hibernate: 
    insert 
    into
        product_specifications
        (label, product_id, spec_value, id) 
    values
        (?, ?, ?, default)
2025-12-18T20:05:36.056+01:00 DEBUG 199891 --- [randomstuff-api] [           main] org.hibernate.SQL                        : 
    insert 
    into
        products
        (active, badge, category_id, created_at, description, featured, image, name, original_price, price, rating, review_count, stock, updated_at, id) 
    values
        (?, ?, ?, ?, ?, ?, ?, ?, ?, ?, ?, ?, ?, ?, ?)
Hibernate: 
    insert 
    into
        products
        (active, badge, category_id, created_at, description, featured, image, name, original_price, price, rating, review_count, stock, updated_at, id) 
    values
        (?, ?, ?, ?, ?, ?, ?, ?, ?, ?, ?, ?, ?, ?, ?)
2025-12-18T20:05:36.058+01:00 DEBUG 199891 --- [randomstuff-api] [           main] org.hibernate.SQL                        : 
    insert 
    into
        product_specifications
        (label, product_id, spec_value, id) 
    values
        (?, ?, ?, default)
Hibernate: 
    insert 
    into
        product_specifications
        (label, product_id, spec_value, id) 
    values
        (?, ?, ?, default)
2025-12-18T20:05:36.060+01:00 DEBUG 199891 --- [randomstuff-api] [           main] org.hibernate.SQL                        : 
    insert 
    into
        product_specifications
        (label, product_id, spec_value, id) 
    values
        (?, ?, ?, default)
Hibernate: 
    insert 
    into
        product_specifications
        (label, product_id, spec_value, id) 
    values
        (?, ?, ?, default)
2025-12-18T20:05:36.063+01:00 DEBUG 199891 --- [randomstuff-api] [           main] org.hibernate.SQL                        : 
    insert 
    into
        product_specifications
        (label, product_id, spec_value, id) 
    values
        (?, ?, ?, default)
Hibernate: 
    insert 
    into
        product_specifications
        (label, product_id, spec_value, id) 
    values
        (?, ?, ?, default)
2025-12-18T20:05:36.065+01:00 DEBUG 199891 --- [randomstuff-api] [           main] org.hibernate.SQL                        : 
    insert 
    into
        product_specifications
        (label, product_id, spec_value, id) 
    values
        (?, ?, ?, default)
Hibernate: 
    insert 
    into
        product_specifications
        (label, product_id, spec_value, id) 
    values
        (?, ?, ?, default)
2025-12-18T20:05:36.067+01:00 DEBUG 199891 --- [randomstuff-api] [           main] org.hibernate.SQL                        : 
    insert 
    into
        product_specifications
        (label, product_id, spec_value, id) 
    values
        (?, ?, ?, default)
Hibernate: 
    insert 
    into
        product_specifications
        (label, product_id, spec_value, id) 
    values
        (?, ?, ?, default)
2025-12-18T20:05:36.070+01:00 DEBUG 199891 --- [randomstuff-api] [           main] org.hibernate.SQL                        : 
    insert 
    into
        products
        (active, badge, category_id, created_at, description, featured, image, name, original_price, price, rating, review_count, stock, updated_at, id) 
    values
        (?, ?, ?, ?, ?, ?, ?, ?, ?, ?, ?, ?, ?, ?, ?)
Hibernate: 
    insert 
    into
        products
        (active, badge, category_id, created_at, description, featured, image, name, original_price, price, rating, review_count, stock, updated_at, id) 
    values
        (?, ?, ?, ?, ?, ?, ?, ?, ?, ?, ?, ?, ?, ?, ?)
2025-12-18T20:05:36.072+01:00 DEBUG 199891 --- [randomstuff-api] [           main] org.hibernate.SQL                        : 
    insert 
    into
        product_specifications
        (label, product_id, spec_value, id) 
    values
        (?, ?, ?, default)
Hibernate: 
    insert 
    into
        product_specifications
        (label, product_id, spec_value, id) 
    values
        (?, ?, ?, default)
2025-12-18T20:05:36.074+01:00 DEBUG 199891 --- [randomstuff-api] [           main] org.hibernate.SQL                        : 
    insert 
    into
        product_specifications
        (label, product_id, spec_value, id) 
    values
        (?, ?, ?, default)
Hibernate: 
    insert 
    into
        product_specifications
        (label, product_id, spec_value, id) 
    values
        (?, ?, ?, default)
2025-12-18T20:05:36.076+01:00 DEBUG 199891 --- [randomstuff-api] [           main] org.hibernate.SQL                        : 
    insert 
    into
        product_specifications
        (label, product_id, spec_value, id) 
    values
        (?, ?, ?, default)
Hibernate: 
    insert 
    into
        product_specifications
        (label, product_id, spec_value, id) 
    values
        (?, ?, ?, default)
2025-12-18T20:05:36.078+01:00 DEBUG 199891 --- [randomstuff-api] [           main] org.hibernate.SQL                        : 
    insert 
    into
        product_specifications
        (label, product_id, spec_value, id) 
    values
        (?, ?, ?, default)
Hibernate: 
    insert 
    into
        product_specifications
        (label, product_id, spec_value, id) 
    values
        (?, ?, ?, default)
2025-12-18T20:05:36.082+01:00 DEBUG 199891 --- [randomstuff-api] [           main] org.hibernate.SQL                        : 
    insert 
    into
        product_specifications
        (label, product_id, spec_value, id) 
    values
        (?, ?, ?, default)
Hibernate: 
    insert 
    into
        product_specifications
        (label, product_id, spec_value, id) 
    values
        (?, ?, ?, default)
2025-12-18T20:05:36.087+01:00 DEBUG 199891 --- [randomstuff-api] [           main] org.hibernate.SQL                        : 
    insert 
    into
        products
        (active, badge, category_id, created_at, description, featured, image, name, original_price, price, rating, review_count, stock, updated_at, id) 
    values
        (?, ?, ?, ?, ?, ?, ?, ?, ?, ?, ?, ?, ?, ?, ?)
Hibernate: 
    insert 
    into
        products
        (active, badge, category_id, created_at, description, featured, image, name, original_price, price, rating, review_count, stock, updated_at, id) 
    values
        (?, ?, ?, ?, ?, ?, ?, ?, ?, ?, ?, ?, ?, ?, ?)
2025-12-18T20:05:36.090+01:00 DEBUG 199891 --- [randomstuff-api] [           main] org.hibernate.SQL                        : 
    insert 
    into
        product_specifications
        (label, product_id, spec_value, id) 
    values
        (?, ?, ?, default)
Hibernate: 
    insert 
    into
        product_specifications
        (label, product_id, spec_value, id) 
    values
        (?, ?, ?, default)
2025-12-18T20:05:36.092+01:00 DEBUG 199891 --- [randomstuff-api] [           main] org.hibernate.SQL                        : 
    insert 
    into
        product_specifications
        (label, product_id, spec_value, id) 
    values
        (?, ?, ?, default)
Hibernate: 
    insert 
    into
        product_specifications
        (label, product_id, spec_value, id) 
    values
        (?, ?, ?, default)
2025-12-18T20:05:36.096+01:00 DEBUG 199891 --- [randomstuff-api] [           main] org.hibernate.SQL                        : 
    insert 
    into
        product_specifications
        (label, product_id, spec_value, id) 
    values
        (?, ?, ?, default)
Hibernate: 
    insert 
    into
        product_specifications
        (label, product_id, spec_value, id) 
    values
        (?, ?, ?, default)
2025-12-18T20:05:36.099+01:00 DEBUG 199891 --- [randomstuff-api] [           main] org.hibernate.SQL                        : 
    insert 
    into
        product_specifications
        (label, product_id, spec_value, id) 
    values
        (?, ?, ?, default)
Hibernate: 
    insert 
    into
        product_specifications
        (label, product_id, spec_value, id) 
    values
        (?, ?, ?, default)
2025-12-18T20:05:36.102+01:00 DEBUG 199891 --- [randomstuff-api] [           main] org.hibernate.SQL                        : 
    insert 
    into
        product_specifications
        (label, product_id, spec_value, id) 
    values
        (?, ?, ?, default)
Hibernate: 
    insert 
    into
        product_specifications
        (label, product_id, spec_value, id) 
    values
        (?, ?, ?, default)
2025-12-18T20:05:36.105+01:00 DEBUG 199891 --- [randomstuff-api] [           main] org.hibernate.SQL                        : 
    insert 
    into
        products
        (active, badge, category_id, created_at, description, featured, image, name, original_price, price, rating, review_count, stock, updated_at, id) 
    values
        (?, ?, ?, ?, ?, ?, ?, ?, ?, ?, ?, ?, ?, ?, ?)
Hibernate: 
    insert 
    into
        products
        (active, badge, category_id, created_at, description, featured, image, name, original_price, price, rating, review_count, stock, updated_at, id) 
    values
        (?, ?, ?, ?, ?, ?, ?, ?, ?, ?, ?, ?, ?, ?, ?)
2025-12-18T20:05:36.108+01:00 DEBUG 199891 --- [randomstuff-api] [           main] org.hibernate.SQL                        : 
    insert 
    into
        product_specifications
        (label, product_id, spec_value, id) 
    values
        (?, ?, ?, default)
Hibernate: 
    insert 
    into
        product_specifications
        (label, product_id, spec_value, id) 
    values
        (?, ?, ?, default)
2025-12-18T20:05:36.110+01:00 DEBUG 199891 --- [randomstuff-api] [           main] org.hibernate.SQL                        : 
    insert 
    into
        product_specifications
        (label, product_id, spec_value, id) 
    values
        (?, ?, ?, default)
Hibernate: 
    insert 
    into
        product_specifications
        (label, product_id, spec_value, id) 
    values
        (?, ?, ?, default)
2025-12-18T20:05:36.113+01:00 DEBUG 199891 --- [randomstuff-api] [           main] org.hibernate.SQL                        : 
    insert 
    into
        product_specifications
        (label, product_id, spec_value, id) 
    values
        (?, ?, ?, default)
Hibernate: 
    insert 
    into
        product_specifications
        (label, product_id, spec_value, id) 
    values
        (?, ?, ?, default)
2025-12-18T20:05:36.115+01:00 DEBUG 199891 --- [randomstuff-api] [           main] org.hibernate.SQL                        : 
    insert 
    into
        product_specifications
        (label, product_id, spec_value, id) 
    values
        (?, ?, ?, default)
Hibernate: 
    insert 
    into
        product_specifications
        (label, product_id, spec_value, id) 
    values
        (?, ?, ?, default)
2025-12-18T20:05:36.118+01:00 DEBUG 199891 --- [randomstuff-api] [           main] org.hibernate.SQL                        : 
    insert 
    into
        product_specifications
        (label, product_id, spec_value, id) 
    values
        (?, ?, ?, default)
Hibernate: 
    insert 
    into
        product_specifications
        (label, product_id, spec_value, id) 
    values
        (?, ?, ?, default)
2025-12-18T20:05:36.122+01:00 DEBUG 199891 --- [randomstuff-api] [           main] org.hibernate.SQL                        : 
    insert 
    into
        products
        (active, badge, category_id, created_at, description, featured, image, name, original_price, price, rating, review_count, stock, updated_at, id) 
    values
        (?, ?, ?, ?, ?, ?, ?, ?, ?, ?, ?, ?, ?, ?, ?)
Hibernate: 
    insert 
    into
        products
        (active, badge, category_id, created_at, description, featured, image, name, original_price, price, rating, review_count, stock, updated_at, id) 
    values
        (?, ?, ?, ?, ?, ?, ?, ?, ?, ?, ?, ?, ?, ?, ?)
2025-12-18T20:05:36.125+01:00 DEBUG 199891 --- [randomstuff-api] [           main] org.hibernate.SQL                        : 
    insert 
    into
        product_specifications
        (label, product_id, spec_value, id) 
    values
        (?, ?, ?, default)
Hibernate: 
    insert 
    into
        product_specifications
        (label, product_id, spec_value, id) 
    values
        (?, ?, ?, default)
2025-12-18T20:05:36.127+01:00 DEBUG 199891 --- [randomstuff-api] [           main] org.hibernate.SQL                        : 
    insert 
    into
        product_specifications
        (label, product_id, spec_value, id) 
    values
        (?, ?, ?, default)
Hibernate: 
    insert 
    into
        product_specifications
        (label, product_id, spec_value, id) 
    values
        (?, ?, ?, default)
2025-12-18T20:05:36.129+01:00 DEBUG 199891 --- [randomstuff-api] [           main] org.hibernate.SQL                        : 
    insert 
    into
        product_specifications
        (label, product_id, spec_value, id) 
    values
        (?, ?, ?, default)
Hibernate: 
    insert 
    into
        product_specifications
        (label, product_id, spec_value, id) 
    values
        (?, ?, ?, default)
2025-12-18T20:05:36.131+01:00 DEBUG 199891 --- [randomstuff-api] [           main] org.hibernate.SQL                        : 
    insert 
    into
        product_specifications
        (label, product_id, spec_value, id) 
    values
        (?, ?, ?, default)
Hibernate: 
    insert 
    into
        product_specifications
        (label, product_id, spec_value, id) 
    values
        (?, ?, ?, default)
2025-12-18T20:05:36.134+01:00 DEBUG 199891 --- [randomstuff-api] [           main] org.hibernate.SQL                        : 
    insert 
    into
        product_specifications
        (label, product_id, spec_value, id) 
    values
        (?, ?, ?, default)
Hibernate: 
    insert 
    into
        product_specifications
        (label, product_id, spec_value, id) 
    values
        (?, ?, ?, default)
2025-12-18T20:05:36.135+01:00  INFO 199891 --- [randomstuff-api] [           main] com.random_stuff.api.config.DataSeeder   : Seeded 12 products
2025-12-18T20:05:36.165+01:00  INFO 199891 --- [randomstuff-api] [           main] com.random_stuff.api.config.DataSeeder   : Seeded reviews for products
2025-12-18T20:05:36.169+01:00  INFO 199891 --- [randomstuff-api] [           main] com.random_stuff.api.config.DataSeeder   : Seeded 4 coupons
2025-12-18T20:05:36.589+01:00  INFO 199891 --- [randomstuff-api] [           main] com.random_stuff.api.config.DataSeeder   : Seeded test users
2025-12-18T20:05:36.589+01:00  INFO 199891 --- [randomstuff-api] [           main] com.random_stuff.api.config.DataSeeder   : Database seeding complete!
2025-12-18T20:05:36.614+01:00 DEBUG 199891 --- [randomstuff-api] [           main] org.hibernate.SQL                        : 
    insert 
    into
        reviews
        (comment, created_at, helpful, product_id, rating, reviewer_name, title, updated_at, user_id, verified, id) 
    values
        (?, ?, ?, ?, ?, ?, ?, ?, ?, ?, ?)
Hibernate: 
    insert 
    into
        reviews
        (comment, created_at, helpful, product_id, rating, reviewer_name, title, updated_at, user_id, verified, id) 
    values
        (?, ?, ?, ?, ?, ?, ?, ?, ?, ?, ?)
2025-12-18T20:05:36.616+01:00 DEBUG 199891 --- [randomstuff-api] [           main] org.hibernate.SQL                        : 
    insert 
    into
        reviews
        (comment, created_at, helpful, product_id, rating, reviewer_name, title, updated_at, user_id, verified, id) 
    values
        (?, ?, ?, ?, ?, ?, ?, ?, ?, ?, ?)
Hibernate: 
    insert 
    into
        reviews
        (comment, created_at, helpful, product_id, rating, reviewer_name, title, updated_at, user_id, verified, id) 
    values
        (?, ?, ?, ?, ?, ?, ?, ?, ?, ?, ?)
2025-12-18T20:05:36.617+01:00 DEBUG 199891 --- [randomstuff-api] [           main] org.hibernate.SQL                        : 
    insert 
    into
        reviews
        (comment, created_at, helpful, product_id, rating, reviewer_name, title, updated_at, user_id, verified, id) 
    values
        (?, ?, ?, ?, ?, ?, ?, ?, ?, ?, ?)
Hibernate: 
    insert 
    into
        reviews
        (comment, created_at, helpful, product_id, rating, reviewer_name, title, updated_at, user_id, verified, id) 
    values
        (?, ?, ?, ?, ?, ?, ?, ?, ?, ?, ?)
2025-12-18T20:05:36.619+01:00 DEBUG 199891 --- [randomstuff-api] [           main] org.hibernate.SQL                        : 
    insert 
    into
        reviews
        (comment, created_at, helpful, product_id, rating, reviewer_name, title, updated_at, user_id, verified, id) 
    values
        (?, ?, ?, ?, ?, ?, ?, ?, ?, ?, ?)
Hibernate: 
    insert 
    into
        reviews
        (comment, created_at, helpful, product_id, rating, reviewer_name, title, updated_at, user_id, verified, id) 
    values
        (?, ?, ?, ?, ?, ?, ?, ?, ?, ?, ?)
2025-12-18T20:05:36.621+01:00 DEBUG 199891 --- [randomstuff-api] [           main] org.hibernate.SQL                        : 
    insert 
    into
        reviews
        (comment, created_at, helpful, product_id, rating, reviewer_name, title, updated_at, user_id, verified, id) 
    values
        (?, ?, ?, ?, ?, ?, ?, ?, ?, ?, ?)
Hibernate: 
    insert 
    into
        reviews
        (comment, created_at, helpful, product_id, rating, reviewer_name, title, updated_at, user_id, verified, id) 
    values
        (?, ?, ?, ?, ?, ?, ?, ?, ?, ?, ?)
2025-12-18T20:05:36.622+01:00 DEBUG 199891 --- [randomstuff-api] [           main] org.hibernate.SQL                        : 
    insert 
    into
        reviews
        (comment, created_at, helpful, product_id, rating, reviewer_name, title, updated_at, user_id, verified, id) 
    values
        (?, ?, ?, ?, ?, ?, ?, ?, ?, ?, ?)
Hibernate: 
    insert 
    into
        reviews
        (comment, created_at, helpful, product_id, rating, reviewer_name, title, updated_at, user_id, verified, id) 
    values
        (?, ?, ?, ?, ?, ?, ?, ?, ?, ?, ?)
2025-12-18T20:05:36.624+01:00 DEBUG 199891 --- [randomstuff-api] [           main] org.hibernate.SQL                        : 
    insert 
    into
        reviews
        (comment, created_at, helpful, product_id, rating, reviewer_name, title, updated_at, user_id, verified, id) 
    values
        (?, ?, ?, ?, ?, ?, ?, ?, ?, ?, ?)
Hibernate: 
    insert 
    into
        reviews
        (comment, created_at, helpful, product_id, rating, reviewer_name, title, updated_at, user_id, verified, id) 
    values
        (?, ?, ?, ?, ?, ?, ?, ?, ?, ?, ?)
2025-12-18T20:05:36.625+01:00 DEBUG 199891 --- [randomstuff-api] [           main] org.hibernate.SQL                        : 
    insert 
    into
        reviews
        (comment, created_at, helpful, product_id, rating, reviewer_name, title, updated_at, user_id, verified, id) 
    values
        (?, ?, ?, ?, ?, ?, ?, ?, ?, ?, ?)
Hibernate: 
    insert 
    into
        reviews
        (comment, created_at, helpful, product_id, rating, reviewer_name, title, updated_at, user_id, verified, id) 
    values
        (?, ?, ?, ?, ?, ?, ?, ?, ?, ?, ?)
2025-12-18T20:05:36.627+01:00 DEBUG 199891 --- [randomstuff-api] [           main] org.hibernate.SQL                        : 
    insert 
    into
        reviews
        (comment, created_at, helpful, product_id, rating, reviewer_name, title, updated_at, user_id, verified, id) 
    values
        (?, ?, ?, ?, ?, ?, ?, ?, ?, ?, ?)
Hibernate: 
    insert 
    into
        reviews
        (comment, created_at, helpful, product_id, rating, reviewer_name, title, updated_at, user_id, verified, id) 
    values
        (?, ?, ?, ?, ?, ?, ?, ?, ?, ?, ?)
2025-12-18T20:05:36.628+01:00 DEBUG 199891 --- [randomstuff-api] [           main] org.hibernate.SQL                        : 
    insert 
    into
        reviews
        (comment, created_at, helpful, product_id, rating, reviewer_name, title, updated_at, user_id, verified, id) 
    values
        (?, ?, ?, ?, ?, ?, ?, ?, ?, ?, ?)
Hibernate: 
    insert 
    into
        reviews
        (comment, created_at, helpful, product_id, rating, reviewer_name, title, updated_at, user_id, verified, id) 
    values
        (?, ?, ?, ?, ?, ?, ?, ?, ?, ?, ?)
2025-12-18T20:05:36.630+01:00 DEBUG 199891 --- [randomstuff-api] [           main] org.hibernate.SQL                        : 
    insert 
    into
        reviews
        (comment, created_at, helpful, product_id, rating, reviewer_name, title, updated_at, user_id, verified, id) 
    values
        (?, ?, ?, ?, ?, ?, ?, ?, ?, ?, ?)
Hibernate: 
    insert 
    into
        reviews
        (comment, created_at, helpful, product_id, rating, reviewer_name, title, updated_at, user_id, verified, id) 
    values
        (?, ?, ?, ?, ?, ?, ?, ?, ?, ?, ?)
2025-12-18T20:05:36.631+01:00 DEBUG 199891 --- [randomstuff-api] [           main] org.hibernate.SQL                        : 
    insert 
    into
        reviews
        (comment, created_at, helpful, product_id, rating, reviewer_name, title, updated_at, user_id, verified, id) 
    values
        (?, ?, ?, ?, ?, ?, ?, ?, ?, ?, ?)
Hibernate: 
    insert 
    into
        reviews
        (comment, created_at, helpful, product_id, rating, reviewer_name, title, updated_at, user_id, verified, id) 
    values
        (?, ?, ?, ?, ?, ?, ?, ?, ?, ?, ?)
2025-12-18T20:05:36.633+01:00 DEBUG 199891 --- [randomstuff-api] [           main] org.hibernate.SQL                        : 
    insert 
    into
        reviews
        (comment, created_at, helpful, product_id, rating, reviewer_name, title, updated_at, user_id, verified, id) 
    values
        (?, ?, ?, ?, ?, ?, ?, ?, ?, ?, ?)
Hibernate: 
    insert 
    into
        reviews
        (comment, created_at, helpful, product_id, rating, reviewer_name, title, updated_at, user_id, verified, id) 
    values
        (?, ?, ?, ?, ?, ?, ?, ?, ?, ?, ?)
2025-12-18T20:05:36.635+01:00 DEBUG 199891 --- [randomstuff-api] [           main] org.hibernate.SQL                        : 
    insert 
    into
        reviews
        (comment, created_at, helpful, product_id, rating, reviewer_name, title, updated_at, user_id, verified, id) 
    values
        (?, ?, ?, ?, ?, ?, ?, ?, ?, ?, ?)
Hibernate: 
    insert 
    into
        reviews
        (comment, created_at, helpful, product_id, rating, reviewer_name, title, updated_at, user_id, verified, id) 
    values
        (?, ?, ?, ?, ?, ?, ?, ?, ?, ?, ?)
2025-12-18T20:05:36.636+01:00 DEBUG 199891 --- [randomstuff-api] [           main] org.hibernate.SQL                        : 
    insert 
    into
        reviews
        (comment, created_at, helpful, product_id, rating, reviewer_name, title, updated_at, user_id, verified, id) 
    values
        (?, ?, ?, ?, ?, ?, ?, ?, ?, ?, ?)
Hibernate: 
    insert 
    into
        reviews
        (comment, created_at, helpful, product_id, rating, reviewer_name, title, updated_at, user_id, verified, id) 
    values
        (?, ?, ?, ?, ?, ?, ?, ?, ?, ?, ?)
2025-12-18T20:05:36.638+01:00 DEBUG 199891 --- [randomstuff-api] [           main] org.hibernate.SQL                        : 
    insert 
    into
        reviews
        (comment, created_at, helpful, product_id, rating, reviewer_name, title, updated_at, user_id, verified, id) 
    values
        (?, ?, ?, ?, ?, ?, ?, ?, ?, ?, ?)
Hibernate: 
    insert 
    into
        reviews
        (comment, created_at, helpful, product_id, rating, reviewer_name, title, updated_at, user_id, verified, id) 
    values
        (?, ?, ?, ?, ?, ?, ?, ?, ?, ?, ?)
2025-12-18T20:05:36.640+01:00 DEBUG 199891 --- [randomstuff-api] [           main] org.hibernate.SQL                        : 
    insert 
    into
        reviews
        (comment, created_at, helpful, product_id, rating, reviewer_name, title, updated_at, user_id, verified, id) 
    values
        (?, ?, ?, ?, ?, ?, ?, ?, ?, ?, ?)
Hibernate: 
    insert 
    into
        reviews
        (comment, created_at, helpful, product_id, rating, reviewer_name, title, updated_at, user_id, verified, id) 
    values
        (?, ?, ?, ?, ?, ?, ?, ?, ?, ?, ?)
2025-12-18T20:05:36.641+01:00 DEBUG 199891 --- [randomstuff-api] [           main] org.hibernate.SQL                        : 
    insert 
    into
        reviews
        (comment, created_at, helpful, product_id, rating, reviewer_name, title, updated_at, user_id, verified, id) 
    values
        (?, ?, ?, ?, ?, ?, ?, ?, ?, ?, ?)
Hibernate: 
    insert 
    into
        reviews
        (comment, created_at, helpful, product_id, rating, reviewer_name, title, updated_at, user_id, verified, id) 
    values
        (?, ?, ?, ?, ?, ?, ?, ?, ?, ?, ?)
2025-12-18T20:05:36.643+01:00 DEBUG 199891 --- [randomstuff-api] [           main] org.hibernate.SQL                        : 
    insert 
    into
        reviews
        (comment, created_at, helpful, product_id, rating, reviewer_name, title, updated_at, user_id, verified, id) 
    values
        (?, ?, ?, ?, ?, ?, ?, ?, ?, ?, ?)
Hibernate: 
    insert 
    into
        reviews
        (comment, created_at, helpful, product_id, rating, reviewer_name, title, updated_at, user_id, verified, id) 
    values
        (?, ?, ?, ?, ?, ?, ?, ?, ?, ?, ?)
2025-12-18T20:05:36.644+01:00 DEBUG 199891 --- [randomstuff-api] [           main] org.hibernate.SQL                        : 
    insert 
    into
        reviews
        (comment, created_at, helpful, product_id, rating, reviewer_name, title, updated_at, user_id, verified, id) 
    values
        (?, ?, ?, ?, ?, ?, ?, ?, ?, ?, ?)
Hibernate: 
    insert 
    into
        reviews
        (comment, created_at, helpful, product_id, rating, reviewer_name, title, updated_at, user_id, verified, id) 
    values
        (?, ?, ?, ?, ?, ?, ?, ?, ?, ?, ?)
2025-12-18T20:05:36.646+01:00 DEBUG 199891 --- [randomstuff-api] [           main] org.hibernate.SQL                        : 
    insert 
    into
        reviews
        (comment, created_at, helpful, product_id, rating, reviewer_name, title, updated_at, user_id, verified, id) 
    values
        (?, ?, ?, ?, ?, ?, ?, ?, ?, ?, ?)
Hibernate: 
    insert 
    into
        reviews
        (comment, created_at, helpful, product_id, rating, reviewer_name, title, updated_at, user_id, verified, id) 
    values
        (?, ?, ?, ?, ?, ?, ?, ?, ?, ?, ?)
2025-12-18T20:05:36.647+01:00 DEBUG 199891 --- [randomstuff-api] [           main] org.hibernate.SQL                        : 
    insert 
    into
        reviews
        (comment, created_at, helpful, product_id, rating, reviewer_name, title, updated_at, user_id, verified, id) 
    values
        (?, ?, ?, ?, ?, ?, ?, ?, ?, ?, ?)
Hibernate: 
    insert 
    into
        reviews
        (comment, created_at, helpful, product_id, rating, reviewer_name, title, updated_at, user_id, verified, id) 
    values
        (?, ?, ?, ?, ?, ?, ?, ?, ?, ?, ?)
2025-12-18T20:05:36.649+01:00 DEBUG 199891 --- [randomstuff-api] [           main] org.hibernate.SQL                        : 
    insert 
    into
        reviews
        (comment, created_at, helpful, product_id, rating, reviewer_name, title, updated_at, user_id, verified, id) 
    values
        (?, ?, ?, ?, ?, ?, ?, ?, ?, ?, ?)
Hibernate: 
    insert 
    into
        reviews
        (comment, created_at, helpful, product_id, rating, reviewer_name, title, updated_at, user_id, verified, id) 
    values
        (?, ?, ?, ?, ?, ?, ?, ?, ?, ?, ?)
2025-12-18T20:05:36.650+01:00 DEBUG 199891 --- [randomstuff-api] [           main] org.hibernate.SQL                        : 
    insert 
    into
        reviews
        (comment, created_at, helpful, product_id, rating, reviewer_name, title, updated_at, user_id, verified, id) 
    values
        (?, ?, ?, ?, ?, ?, ?, ?, ?, ?, ?)
Hibernate: 
    insert 
    into
        reviews
        (comment, created_at, helpful, product_id, rating, reviewer_name, title, updated_at, user_id, verified, id) 
    values
        (?, ?, ?, ?, ?, ?, ?, ?, ?, ?, ?)
2025-12-18T20:05:36.652+01:00 DEBUG 199891 --- [randomstuff-api] [           main] org.hibernate.SQL                        : 
    insert 
    into
        reviews
        (comment, created_at, helpful, product_id, rating, reviewer_name, title, updated_at, user_id, verified, id) 
    values
        (?, ?, ?, ?, ?, ?, ?, ?, ?, ?, ?)
Hibernate: 
    insert 
    into
        reviews
        (comment, created_at, helpful, product_id, rating, reviewer_name, title, updated_at, user_id, verified, id) 
    values
        (?, ?, ?, ?, ?, ?, ?, ?, ?, ?, ?)
2025-12-18T20:05:36.653+01:00 DEBUG 199891 --- [randomstuff-api] [           main] org.hibernate.SQL                        : 
    insert 
    into
        reviews
        (comment, created_at, helpful, product_id, rating, reviewer_name, title, updated_at, user_id, verified, id) 
    values
        (?, ?, ?, ?, ?, ?, ?, ?, ?, ?, ?)
Hibernate: 
    insert 
    into
        reviews
        (comment, created_at, helpful, product_id, rating, reviewer_name, title, updated_at, user_id, verified, id) 
    values
        (?, ?, ?, ?, ?, ?, ?, ?, ?, ?, ?)
2025-12-18T20:05:36.655+01:00 DEBUG 199891 --- [randomstuff-api] [           main] org.hibernate.SQL                        : 
    insert 
    into
        reviews
        (comment, created_at, helpful, product_id, rating, reviewer_name, title, updated_at, user_id, verified, id) 
    values
        (?, ?, ?, ?, ?, ?, ?, ?, ?, ?, ?)
Hibernate: 
    insert 
    into
        reviews
        (comment, created_at, helpful, product_id, rating, reviewer_name, title, updated_at, user_id, verified, id) 
    values
        (?, ?, ?, ?, ?, ?, ?, ?, ?, ?, ?)
2025-12-18T20:05:36.657+01:00 DEBUG 199891 --- [randomstuff-api] [           main] org.hibernate.SQL                        : 
    insert 
    into
        reviews
        (comment, created_at, helpful, product_id, rating, reviewer_name, title, updated_at, user_id, verified, id) 
    values
        (?, ?, ?, ?, ?, ?, ?, ?, ?, ?, ?)
Hibernate: 
    insert 
    into
        reviews
        (comment, created_at, helpful, product_id, rating, reviewer_name, title, updated_at, user_id, verified, id) 
    values
        (?, ?, ?, ?, ?, ?, ?, ?, ?, ?, ?)
2025-12-18T20:05:36.658+01:00 DEBUG 199891 --- [randomstuff-api] [           main] org.hibernate.SQL                        : 
    insert 
    into
        reviews
        (comment, created_at, helpful, product_id, rating, reviewer_name, title, updated_at, user_id, verified, id) 
    values
        (?, ?, ?, ?, ?, ?, ?, ?, ?, ?, ?)
Hibernate: 
    insert 
    into
        reviews
        (comment, created_at, helpful, product_id, rating, reviewer_name, title, updated_at, user_id, verified, id) 
    values
        (?, ?, ?, ?, ?, ?, ?, ?, ?, ?, ?)
2025-12-18T20:05:36.660+01:00 DEBUG 199891 --- [randomstuff-api] [           main] org.hibernate.SQL                        : 
    insert 
    into
        reviews
        (comment, created_at, helpful, product_id, rating, reviewer_name, title, updated_at, user_id, verified, id) 
    values
        (?, ?, ?, ?, ?, ?, ?, ?, ?, ?, ?)
Hibernate: 
    insert 
    into
        reviews
        (comment, created_at, helpful, product_id, rating, reviewer_name, title, updated_at, user_id, verified, id) 
    values
        (?, ?, ?, ?, ?, ?, ?, ?, ?, ?, ?)
2025-12-18T20:05:36.662+01:00 DEBUG 199891 --- [randomstuff-api] [           main] org.hibernate.SQL                        : 
    insert 
    into
        reviews
[...]
        product_colors
        (product_id, color) 
    values
        (?, ?)
Hibernate: 
    insert 
    into
        product_colors
        (product_id, color) 
    values
        (?, ?)
2025-12-18T20:05:36.744+01:00 DEBUG 199891 --- [randomstuff-api] [           main] org.hibernate.SQL                        : 
    insert 
    into
        product_colors
        (product_id, color) 
    values
        (?, ?)
Hibernate: 
    insert 
    into
        product_colors
        (product_id, color) 
    values
        (?, ?)
2025-12-18T20:05:36.744+01:00 DEBUG 199891 --- [randomstuff-api] [           main] org.hibernate.SQL                        : 
    insert 
    into
        product_images
        (product_id, image_url) 
    values
        (?, ?)
Hibernate: 
    insert 
    into
        product_images
        (product_id, image_url) 
    values
        (?, ?)
2025-12-18T20:05:36.746+01:00 DEBUG 199891 --- [randomstuff-api] [           main] org.hibernate.SQL                        : 
    insert 
    into
        product_images
        (product_id, image_url) 
    values
        (?, ?)
Hibernate: 
    insert 
    into
        product_images
        (product_id, image_url) 
    values
        (?, ?)
2025-12-18T20:05:36.747+01:00 DEBUG 199891 --- [randomstuff-api] [           main] org.hibernate.SQL                        : 
    insert 
    into
        product_sizes
        (product_id, size) 
    values
        (?, ?)
Hibernate: 
    insert 
    into
        product_sizes
        (product_id, size) 
    values
        (?, ?)
2025-12-18T20:05:36.748+01:00 DEBUG 199891 --- [randomstuff-api] [           main] org.hibernate.SQL                        : 
    insert 
    into
        product_sizes
        (product_id, size) 
    values
        (?, ?)
Hibernate: 
    insert 
    into
        product_sizes
        (product_id, size) 
    values
        (?, ?)
2025-12-18T20:05:36.749+01:00 DEBUG 199891 --- [randomstuff-api] [           main] org.hibernate.SQL                        : 
    insert 
    into
        product_sizes
        (product_id, size) 
    values
        (?, ?)
Hibernate: 
    insert 
    into
        product_sizes
        (product_id, size) 
    values
        (?, ?)
2025-12-18T20:05:36.750+01:00 DEBUG 199891 --- [randomstuff-api] [           main] org.hibernate.SQL                        : 
    insert 
    into
        product_sizes
        (product_id, size) 
    values
        (?, ?)
Hibernate: 
    insert 
    into
        product_sizes
        (product_id, size) 
    values
        (?, ?)
2025-12-18T20:05:36.750+01:00 DEBUG 199891 --- [randomstuff-api] [           main] org.hibernate.SQL                        : 
    insert 
    into
        product_sizes
        (product_id, size) 
    values
        (?, ?)
Hibernate: 
    insert 
    into
        product_sizes
        (product_id, size) 
    values
        (?, ?)
2025-12-18T20:05:36.751+01:00 DEBUG 199891 --- [randomstuff-api] [           main] org.hibernate.SQL                        : 
    insert 
    into
        product_sizes
        (product_id, size) 
    values
        (?, ?)
Hibernate: 
    insert 
    into
        product_sizes
        (product_id, size) 
    values
        (?, ?)
2025-12-18T20:05:36.752+01:00 DEBUG 199891 --- [randomstuff-api] [           main] org.hibernate.SQL                        : 
    insert 
    into
        product_colors
        (product_id, color) 
    values
        (?, ?)
Hibernate: 
    insert 
    into
        product_colors
        (product_id, color) 
    values
        (?, ?)
2025-12-18T20:05:36.753+01:00 DEBUG 199891 --- [randomstuff-api] [           main] org.hibernate.SQL                        : 
    insert 
    into
        product_colors
        (product_id, color) 
    values
        (?, ?)
Hibernate: 
    insert 
    into
        product_colors
        (product_id, color) 
    values
        (?, ?)
2025-12-18T20:05:36.754+01:00 DEBUG 199891 --- [randomstuff-api] [           main] org.hibernate.SQL                        : 
    insert 
    into
        product_colors
        (product_id, color) 
    values
        (?, ?)
Hibernate: 
    insert 
    into
        product_colors
        (product_id, color) 
    values
        (?, ?)
2025-12-18T20:05:36.754+01:00 DEBUG 199891 --- [randomstuff-api] [           main] org.hibernate.SQL                        : 
    insert 
    into
        product_colors
        (product_id, color) 
    values
        (?, ?)
Hibernate: 
    insert 
    into
        product_colors
        (product_id, color) 
    values
        (?, ?)
2025-12-18T20:05:36.755+01:00 DEBUG 199891 --- [randomstuff-api] [           main] org.hibernate.SQL                        : 
    insert 
    into
        product_colors
        (product_id, color) 
    values
        (?, ?)
Hibernate: 
    insert 
    into
        product_colors
        (product_id, color) 
    values
        (?, ?)
2025-12-18T20:05:36.756+01:00 DEBUG 199891 --- [randomstuff-api] [           main] org.hibernate.SQL                        : 
    insert 
    into
        product_images
        (product_id, image_url) 
    values
        (?, ?)
Hibernate: 
    insert 
    into
        product_images
        (product_id, image_url) 
    values
        (?, ?)
2025-12-18T20:05:36.757+01:00 DEBUG 199891 --- [randomstuff-api] [           main] org.hibernate.SQL                        : 
    insert 
    into
        product_images
        (product_id, image_url) 
    values
        (?, ?)
Hibernate: 
    insert 
    into
        product_images
        (product_id, image_url) 
    values
        (?, ?)
2025-12-18T20:05:36.758+01:00 DEBUG 199891 --- [randomstuff-api] [           main] org.hibernate.SQL                        : 
    insert 
    into
        product_sizes
        (product_id, size) 
    values
        (?, ?)
Hibernate: 
    insert 
    into
        product_sizes
        (product_id, size) 
    values
        (?, ?)
2025-12-18T20:05:36.758+01:00 DEBUG 199891 --- [randomstuff-api] [           main] org.hibernate.SQL                        : 
    insert 
    into
        product_sizes
        (product_id, size) 
    values
        (?, ?)
Hibernate: 
    insert 
    into
        product_sizes
        (product_id, size) 
    values
        (?, ?)
2025-12-18T20:05:36.759+01:00 DEBUG 199891 --- [randomstuff-api] [           main] org.hibernate.SQL                        : 
    insert 
    into
        product_sizes
        (product_id, size) 
    values
        (?, ?)
Hibernate: 
    insert 
    into
        product_sizes
        (product_id, size) 
    values
        (?, ?)
2025-12-18T20:05:36.760+01:00 DEBUG 199891 --- [randomstuff-api] [           main] org.hibernate.SQL                        : 
    insert 
    into
        product_sizes
        (product_id, size) 
    values
        (?, ?)
Hibernate: 
    insert 
    into
        product_sizes
        (product_id, size) 
    values
        (?, ?)
2025-12-18T20:05:36.762+01:00 DEBUG 199891 --- [randomstuff-api] [           main] org.hibernate.SQL                        : 
    insert 
    into
        product_sizes
        (product_id, size) 
    values
        (?, ?)
Hibernate: 
    insert 
    into
        product_sizes
        (product_id, size) 
    values
        (?, ?)
2025-12-18T20:05:36.764+01:00 DEBUG 199891 --- [randomstuff-api] [           main] org.hibernate.SQL                        : 
    insert 
    into
        product_colors
        (product_id, color) 
    values
        (?, ?)
Hibernate: 
    insert 
    into
        product_colors
        (product_id, color) 
    values
        (?, ?)
2025-12-18T20:05:36.765+01:00 DEBUG 199891 --- [randomstuff-api] [           main] org.hibernate.SQL                        : 
    insert 
    into
        product_colors
        (product_id, color) 
    values
        (?, ?)
Hibernate: 
    insert 
    into
        product_colors
        (product_id, color) 
    values
        (?, ?)
2025-12-18T20:05:36.766+01:00 DEBUG 199891 --- [randomstuff-api] [           main] org.hibernate.SQL                        : 
    insert 
    into
        product_colors
        (product_id, color) 
    values
        (?, ?)
Hibernate: 
    insert 
    into
        product_colors
        (product_id, color) 
    values
        (?, ?)
2025-12-18T20:05:36.767+01:00 DEBUG 199891 --- [randomstuff-api] [           main] org.hibernate.SQL                        : 
    insert 
    into
        product_colors
        (product_id, color) 
    values
        (?, ?)
Hibernate: 
    insert 
    into
        product_colors
        (product_id, color) 
    values
        (?, ?)
2025-12-18T20:05:36.767+01:00 DEBUG 199891 --- [randomstuff-api] [           main] org.hibernate.SQL                        : 
    insert 
    into
        product_images
        (product_id, image_url) 
    values
        (?, ?)
Hibernate: 
    insert 
    into
        product_images
        (product_id, image_url) 
    values
        (?, ?)
2025-12-18T20:05:36.768+01:00 DEBUG 199891 --- [randomstuff-api] [           main] org.hibernate.SQL                        : 
    insert 
    into
        product_images
        (product_id, image_url) 
    values
        (?, ?)
Hibernate: 
    insert 
    into
        product_images
        (product_id, image_url) 
    values
        (?, ?)
2025-12-18T20:05:36.769+01:00 DEBUG 199891 --- [randomstuff-api] [           main] org.hibernate.SQL                        : 
    insert 
    into
        product_sizes
        (product_id, size) 
    values
        (?, ?)
Hibernate: 
    insert 
    into
        product_sizes
        (product_id, size) 
    values
        (?, ?)
2025-12-18T20:05:36.770+01:00 DEBUG 199891 --- [randomstuff-api] [           main] org.hibernate.SQL                        : 
    insert 
    into
        product_sizes
        (product_id, size) 
    values
        (?, ?)
Hibernate: 
    insert 
    into
        product_sizes
        (product_id, size) 
    values
        (?, ?)
2025-12-18T20:05:36.771+01:00 DEBUG 199891 --- [randomstuff-api] [           main] org.hibernate.SQL                        : 
    insert 
    into
        product_sizes
        (product_id, size) 
    values
        (?, ?)
Hibernate: 
    insert 
    into
        product_sizes
        (product_id, size) 
    values
        (?, ?)
2025-12-18T20:05:36.772+01:00 DEBUG 199891 --- [randomstuff-api] [           main] org.hibernate.SQL                        : 
    insert 
    into
        product_sizes
        (product_id, size) 
    values
        (?, ?)
Hibernate: 
    insert 
    into
        product_sizes
        (product_id, size) 
    values
        (?, ?)
2025-12-18T20:05:36.772+01:00 DEBUG 199891 --- [randomstuff-api] [           main] org.hibernate.SQL                        : 
    insert 
    into
        product_sizes
        (product_id, size) 
    values
        (?, ?)
Hibernate: 
    insert 
    into
        product_sizes
        (product_id, size) 
    values
        (?, ?)
2025-12-18T20:05:36.773+01:00 DEBUG 199891 --- [randomstuff-api] [           main] org.hibernate.SQL                        : 
    insert 
    into
        product_sizes
        (product_id, size) 
    values
        (?, ?)
Hibernate: 
    insert 
    into
        product_sizes
        (product_id, size) 
    values
        (?, ?)
2025-12-18T20:05:36.774+01:00 DEBUG 199891 --- [randomstuff-api] [           main] org.hibernate.SQL                        : 
    insert 
    into
        product_colors
        (product_id, color) 
    values
        (?, ?)
Hibernate: 
    insert 
    into
        product_colors
        (product_id, color) 
    values
        (?, ?)
2025-12-18T20:05:36.775+01:00 DEBUG 199891 --- [randomstuff-api] [           main] org.hibernate.SQL                        : 
    insert 
    into
        product_colors
        (product_id, color) 
    values
        (?, ?)
Hibernate: 
    insert 
    into
        product_colors
        (product_id, color) 
    values
        (?, ?)
2025-12-18T20:05:36.775+01:00 DEBUG 199891 --- [randomstuff-api] [           main] org.hibernate.SQL                        : 
    insert 
    into
        product_colors
        (product_id, color) 
    values
        (?, ?)
Hibernate: 
    insert 
    into
        product_colors
        (product_id, color) 
    values
        (?, ?)
2025-12-18T20:05:36.776+01:00 DEBUG 199891 --- [randomstuff-api] [           main] org.hibernate.SQL                        : 
    insert 
    into
        product_images
        (product_id, image_url) 
    values
        (?, ?)
Hibernate: 
    insert 
    into
        product_images
        (product_id, image_url) 
    values
        (?, ?)
2025-12-18T20:05:36.777+01:00 DEBUG 199891 --- [randomstuff-api] [           main] org.hibernate.SQL                        : 
    insert 
    into
        product_images
        (product_id, image_url) 
    values
        (?, ?)
Hibernate: 
    insert 
    into
        product_images
        (product_id, image_url) 
    values
        (?, ?)
2025-12-18T20:05:36.778+01:00 DEBUG 199891 --- [randomstuff-api] [           main] org.hibernate.SQL                        : 
    insert 
    into
        product_colors
        (product_id, color) 
    values
        (?, ?)
Hibernate: 
    insert 
    into
        product_colors
        (product_id, color) 
    values
        (?, ?)
2025-12-18T20:05:36.778+01:00 DEBUG 199891 --- [randomstuff-api] [           main] org.hibernate.SQL                        : 
    insert 
    into
        product_colors
        (product_id, color) 
    values
        (?, ?)
Hibernate: 
    insert 
    into
        product_colors
        (product_id, color) 
    values
        (?, ?)
2025-12-18T20:05:36.779+01:00 DEBUG 199891 --- [randomstuff-api] [           main] org.hibernate.SQL                        : 
    insert 
    into
        product_colors
        (product_id, color) 
    values
        (?, ?)
Hibernate: 
    insert 
    into
        product_colors
        (product_id, color) 
    values
        (?, ?)
2025-12-18T20:05:36.780+01:00 DEBUG 199891 --- [randomstuff-api] [           main] org.hibernate.SQL                        : 
    insert 
    into
        product_images
        (product_id, image_url) 
    values
        (?, ?)
Hibernate: 
    insert 
    into
        product_images
        (product_id, image_url) 
    values
        (?, ?)
2025-12-18T20:05:36.781+01:00 DEBUG 199891 --- [randomstuff-api] [           main] org.hibernate.SQL                        : 
    insert 
    into
        product_images
        (product_id, image_url) 
    values
        (?, ?)
Hibernate: 
    insert 
    into
        product_images
        (product_id, image_url) 
    values
        (?, ?)
2025-12-18T20:05:36.781+01:00 DEBUG 199891 --- [randomstuff-api] [           main] org.hibernate.SQL                        : 
    insert 
    into
        product_colors
        (product_id, color) 
    values
        (?, ?)
Hibernate: 
    insert 
    into
        product_colors
        (product_id, color) 
    values
        (?, ?)
2025-12-18T20:05:36.782+01:00 DEBUG 199891 --- [randomstuff-api] [           main] org.hibernate.SQL                        : 
    insert 
    into
        product_colors
        (product_id, color) 
    values
        (?, ?)
Hibernate: 
    insert 
    into
        product_colors
        (product_id, color) 
    values
        (?, ?)
2025-12-18T20:05:36.783+01:00 DEBUG 199891 --- [randomstuff-api] [           main] org.hibernate.SQL                        : 
    insert 
    into
        product_colors
        (product_id, color) 
    values
        (?, ?)
Hibernate: 
    insert 
    into
        product_colors
        (product_id, color) 
    values
        (?, ?)
2025-12-18T20:05:36.784+01:00 DEBUG 199891 --- [randomstuff-api] [           main] org.hibernate.SQL                        : 
    insert 
    into
        product_colors
        (product_id, color) 
    values
        (?, ?)
Hibernate: 
    insert 
    into
        product_colors
        (product_id, color) 
    values
        (?, ?)
2025-12-18T20:05:36.785+01:00 DEBUG 199891 --- [randomstuff-api] [           main] org.hibernate.SQL                        : 
    insert 
    into
        product_images
        (product_id, image_url) 
    values
        (?, ?)
Hibernate: 
    insert 
    into
        product_images
        (product_id, image_url) 
    values
        (?, ?)
2025-12-18T20:05:36.787+01:00 DEBUG 199891 --- [randomstuff-api] [           main] org.hibernate.SQL                        : 
    insert 
    into
        product_colors
        (product_id, color) 
    values
        (?, ?)
Hibernate: 
    insert 
    into
        product_colors
        (product_id, color) 
    values
        (?, ?)
2025-12-18T20:05:36.788+01:00 DEBUG 199891 --- [randomstuff-api] [           main] org.hibernate.SQL                        : 
    insert 
    into
        product_colors
        (product_id, color) 
    values
        (?, ?)
Hibernate: 
    insert 
    into
        product_colors
        (product_id, color) 
    values
        (?, ?)
2025-12-18T20:05:36.788+01:00 DEBUG 199891 --- [randomstuff-api] [           main] org.hibernate.SQL                        : 
    insert 
    into
        product_colors
        (product_id, color) 
    values
        (?, ?)
Hibernate: 
    insert 
    into
        product_colors
        (product_id, color) 
    values
        (?, ?)
2025-12-18T20:05:36.789+01:00 DEBUG 199891 --- [randomstuff-api] [           main] org.hibernate.SQL                        : 
    insert 
    into
        product_colors
        (product_id, color) 
    values
        (?, ?)
Hibernate: 
    insert 
    into
        product_colors
        (product_id, color) 
    values
        (?, ?)
2025-12-18T20:05:36.791+01:00 DEBUG 199891 --- [randomstuff-api] [           main] org.hibernate.SQL                        : 
    insert 
    into
        product_images
        (product_id, image_url) 
    values
        (?, ?)
Hibernate: 
    insert 
    into
        product_images
        (product_id, image_url) 
    values
        (?, ?)
2025-12-18T20:05:36.792+01:00 DEBUG 199891 --- [randomstuff-api] [           main] org.hibernate.SQL                        : 
    insert 
    into
        product_images
        (product_id, image_url) 
    values
        (?, ?)
Hibernate: 
    insert 
    into
        product_images
        (product_id, image_url) 
    values
        (?, ?)
2025-12-18T20:05:36.793+01:00 DEBUG 199891 --- [randomstuff-api] [           main] org.hibernate.SQL                        : 
    insert 
    into
        product_colors
        (product_id, color) 
    values
        (?, ?)
Hibernate: 
    insert 
    into
        product_colors
        (product_id, color) 
    values
        (?, ?)
2025-12-18T20:05:36.794+01:00 DEBUG 199891 --- [randomstuff-api] [           main] org.hibernate.SQL                        : 
    insert 
    into
        product_images
        (product_id, image_url) 
    values
        (?, ?)
Hibernate: 
    insert 
    into
        product_images
        (product_id, image_url) 
    values
        (?, ?)
2025-12-18T20:05:36.796+01:00 DEBUG 199891 --- [randomstuff-api] [           main] org.hibernate.SQL                        : 
    insert 
    into
        product_images
        (product_id, image_url) 
    values
        (?, ?)
Hibernate: 
    insert 
    into
        product_images
        (product_id, image_url) 
    values
        (?, ?)
]]></system-out>
    <system-err><![CDATA[WARNING: A Java agent has been loaded dynamically (/home/samnart/.m2/repository/net/bytebuddy/byte-buddy-agent/1.14.10/byte-buddy-agent-1.14.10.jar)
WARNING: If a serviceability tool is in use, please run with -XX:+EnableDynamicAgentLoading to hide this warning
WARNING: If a serviceability tool is not in use, please run with -Djdk.instrument.traceUsage for more information
WARNING: Dynamic loading of agents will be disallowed by default in a future release
]]></system-err>
  </testcase>
</testsuite>